<?xml version="1.0" encoding="UTF-8"?>
<!-- Generated by org.testng.reporters.JUnitReportReporter -->
<testsuite hostname="DESKTOP-ID6R2AC" name="com.servicestack.servicenow.ServiceNow" tests="1" failures="0" timestamp="14 Jul 2016 11:00:38 GMT" time="33.957" errors="0">
  <testcase name="testLogin" time="33.957" classname="com.servicestack.servicenow.ServiceNow"/>
</testsuite> <!-- com.servicestack.servicenow.ServiceNow -->
